<?xml version="1.0" encoding="UTF-8" ?>
<testsuite tests="7" failures="0" name="com.exist.maventwo.TestServices" time="0.127" errors="0" skipped="0">
  <properties>
[...]
</properties>
  <testcase classname="com.exist.maventwo.TestServices" name="validateAddNewRow" time="0.005"/>
  <testcase classname="com.exist.maventwo.TestServices" name="validateCheckNull" time="0"/>
  <testcase classname="com.exist.maventwo.TestServices" name="validatePrint" time="0.001"/>
  <testcase classname="com.exist.maventwo.TestServices" name="validateSearch" time="0.054"/>
  <testcase classname="com.exist.maventwo.TestServices" name="setUp" time="0"/>
  <testcase classname="com.exist.maventwo.TestServices" name="validateEdit" time="0.001"/>
  <testcase classname="com.exist.maventwo.TestServices" name="validateConcatenateRowAndColumn" time="0.001"/>
</testsuite>